GROUP,PACKAGE,CLASS,INSTRUCTION_MISSED,INSTRUCTION_COVERED,BRANCH_MISSED,BRANCH_COVERED,LINE_MISSED,LINE_COVERED,COMPLEXITY_MISSED,COMPLEXITY_COVERED,METHOD_MISSED,METHOD_COVERED
trabajo-metodos-2,ies.puerto,Ejercicio6,0,37,0,4,0,6,0,4,0,2
trabajo-metodos-2,ies.puerto,Ejercicio5,0,18,0,2,0,5,0,3,0,2
trabajo-metodos-2,ies.puerto,Ejercicio4,0,29,0,4,0,6,0,4,0,2
trabajo-metodos-2,ies.puerto,Ejercicio3,0,49,1,7,0,11,1,6,0,3
trabajo-metodos-2,ies.puerto,Ejercicio2,0,24,0,2,0,5,0,3,0,2
trabajo-metodos-2,ies.puerto,Ejercicio1,0,21,0,2,0,5,0,3,0,2
trabajo-metodos-2,ies.puerto,Ejercicio8,3,0,0,0,1,0,1,0,1,0
trabajo-metodos-2,ies.puerto,Ejercicio7,0,7,0,0,0,3,0,2,0,2
