<?xml version="1.0" encoding="UTF-8"?>
<testsuite xmlns:xsi="http://www.w3.org/2001/XMLSchema-instance" xsi:noNamespaceSchemaLocation="https://maven.apache.org/surefire/maven-surefire-plugin/xsd/surefire-test-report-3.0.xsd" version="3.0" name="ies.puerto.db.OperacionesDbTest" time="0.362" tests="4" errors="0" skipped="0" failures="3">
  <properties>
[...]
</properties>
  <testcase name="insertarEliminarUsuarioTest" classname="ies.puerto.db.OperacionesDbTest" time="0.3">
    <failure type="org.opentest4j.AssertionFailedError"><![CDATA[org.opentest4j.AssertionFailedError: expected: < id='11', nombre='Jonay', edad='19', ciudad='Comunismo'> but was: <null>
	at ies.puerto.db.OperacionesDbTest.insertarEliminarUsuarioTest(OperacionesDbTest.java:55)
]]></failure>
    <system-err><![CDATA[SLF4J: Failed to load class "org.slf4j.impl.StaticLoggerBinder".
SLF4J: Defaulting to no-operation (NOP) logger implementation
SLF4J: See http://www.slf4j.org/codes.html#StaticLoggerBinder for further details.
]]></system-err>
  </testcase>
  <testcase name="obtenerUsuariosTest" classname="ies.puerto.db.OperacionesDbTest" time="0.005">
    <failure type="org.opentest4j.AssertionFailedError"><![CDATA[org.opentest4j.AssertionFailedError: expected: <10> but was: <24>
	at ies.puerto.db.OperacionesDbTest.obtenerUsuariosTest(OperacionesDbTest.java:28)
]]></failure>
  </testcase>
  <testcase name="obtenerUsuarioTest" classname="ies.puerto.db.OperacionesDbTest" time="0.005"/>
  <testcase name="actualizarUsuarioTest" classname="ies.puerto.db.OperacionesDbTest" time="0.019">
    <failure type="org.opentest4j.AssertionFailedError"><![CDATA[org.opentest4j.AssertionFailedError: 
	at ies.puerto.db.OperacionesDbTest.actualizarUsuarioTest(OperacionesDbTest.java:85)
]]></failure>
  </testcase>
</testsuite>