-------------------------------------------------------------------------------
Test set: ies.puerto.modelo.db.jdbc.OperacionesJDBCTest
-------------------------------------------------------------------------------
Tests run: 4, Failures: 0, Errors: 1, Skipped: 0, Time elapsed: 0.545 s <<< FAILURE! - in ies.puerto.modelo.db.jdbc.OperacionesJDBCTest
ies.puerto.modelo.db.jdbc.OperacionesJDBCTest.obtenerPersonajeTest  Time elapsed: 0.054 s  <<< ERROR!
java.util.NoSuchElementException
	at ies.puerto.modelo.db.jdbc.OperacionesJDBCTest.obtenerPersonajeTest(OperacionesJDBCTest.java:66)

