-------------------------------------------------------------------------------
Test set: ies.puerto.modelo.db.hibernate.OperacionesHibernateTest
-------------------------------------------------------------------------------
Tests run: 3, Failures: 0, Errors: 3, Skipped: 0, Time elapsed: 2.3 s <<< FAILURE! - in ies.puerto.modelo.db.hibernate.OperacionesHibernateTest
ies.puerto.modelo.db.hibernate.OperacionesHibernateTest.actualizarPersonajeTest  Time elapsed: 0.162 s  <<< ERROR!
ies.puerto.modelo.excepcion.PersonajeExcepcion: org.hibernate.exception.GenericJDBCException: could not execute statement
	at ies.puerto.modelo.db.hibernate.OperacionesHibernateTest.beforeEach(OperacionesHibernateTest.java:53)
Caused by: javax.persistence.PersistenceException: org.hibernate.exception.GenericJDBCException: could not execute statement
	at ies.puerto.modelo.db.hibernate.OperacionesHibernateTest.beforeEach(OperacionesHibernateTest.java:53)
Caused by: org.hibernate.exception.GenericJDBCException: could not execute statement
	at ies.puerto.modelo.db.hibernate.OperacionesHibernateTest.beforeEach(OperacionesHibernateTest.java:53)
Caused by: org.sqlite.SQLiteException: [SQLITE_CONSTRAINT]  Abort due to constraint violation (NOT NULL constraint failed: Alias.personaje_id)
	at ies.puerto.modelo.db.hibernate.OperacionesHibernateTest.beforeEach(OperacionesHibernateTest.java:53)

ies.puerto.modelo.db.hibernate.OperacionesHibernateTest.obtenerPersonajesTest  Time elapsed: 0.008 s  <<< ERROR!
ies.puerto.modelo.excepcion.PersonajeExcepcion: org.hibernate.exception.GenericJDBCException: could not execute statement
	at ies.puerto.modelo.db.hibernate.OperacionesHibernateTest.beforeEach(OperacionesHibernateTest.java:53)
Caused by: javax.persistence.PersistenceException: org.hibernate.exception.GenericJDBCException: could not execute statement
	at ies.puerto.modelo.db.hibernate.OperacionesHibernateTest.beforeEach(OperacionesHibernateTest.java:53)
Caused by: org.hibernate.exception.GenericJDBCException: could not execute statement
	at ies.puerto.modelo.db.hibernate.OperacionesHibernateTest.beforeEach(OperacionesHibernateTest.java:53)
Caused by: org.sqlite.SQLiteException: [SQLITE_CONSTRAINT]  Abort due to constraint violation (NOT NULL constraint failed: Alias.personaje_id)
	at ies.puerto.modelo.db.hibernate.OperacionesHibernateTest.beforeEach(OperacionesHibernateTest.java:53)

ies.puerto.modelo.db.hibernate.OperacionesHibernateTest.obtenerPersonajeTest  Time elapsed: 0.01 s  <<< ERROR!
ies.puerto.modelo.excepcion.PersonajeExcepcion: org.hibernate.exception.GenericJDBCException: could not execute statement
	at ies.puerto.modelo.db.hibernate.OperacionesHibernateTest.beforeEach(OperacionesHibernateTest.java:53)
Caused by: javax.persistence.PersistenceException: org.hibernate.exception.GenericJDBCException: could not execute statement
	at ies.puerto.modelo.db.hibernate.OperacionesHibernateTest.beforeEach(OperacionesHibernateTest.java:53)
Caused by: org.hibernate.exception.GenericJDBCException: could not execute statement
	at ies.puerto.modelo.db.hibernate.OperacionesHibernateTest.beforeEach(OperacionesHibernateTest.java:53)
Caused by: org.sqlite.SQLiteException: [SQLITE_CONSTRAINT]  Abort due to constraint violation (NOT NULL constraint failed: Alias.personaje_id)
	at ies.puerto.modelo.db.hibernate.OperacionesHibernateTest.beforeEach(OperacionesHibernateTest.java:53)

