-------------------------------------------------------------------------------
Test set: ies.puerto.modelo.fichero.impl.FicheroXmlTest
-------------------------------------------------------------------------------
Tests run: 2, Failures: 1, Errors: 0, Skipped: 0, Time elapsed: 0.218 s <<< FAILURE! - in ies.puerto.modelo.fichero.impl.FicheroXmlTest
ies.puerto.modelo.fichero.impl.FicheroXmlTest.escribirTest  Time elapsed: 0.036 s  <<< FAILURE!
org.opentest4j.AssertionFailedError: expected: <3> but was: <0>
	at ies.puerto.modelo.fichero.impl.FicheroXmlTest.escribirTest(FicheroXmlTest.java:39)

