<?xml version="1.0" encoding="UTF-8"?>
<testsuite xmlns:xsi="http://www.w3.org/2001/XMLSchema-instance" xsi:noNamespaceSchemaLocation="https://maven.apache.org/surefire/maven-surefire-plugin/xsd/surefire-test-report.xsd" name="ies.puerto.PersonaTest" time="0.017" tests="7" errors="0" skipped="0" failures="0">
  <properties>
[...]
</properties>
  <testcase name="getNombreOK" classname="ies.puerto.PersonaTest" time="0"/>
  <testcase name="getEdad" classname="ies.puerto.PersonaTest" time="0.009"/>
  <testcase name="PersonaTest1OK" classname="ies.puerto.PersonaTest" time="0.008"/>
  <testcase name="PersonaTest2OK" classname="ies.puerto.PersonaTest" time="0"/>
  <testcase name="setNombre" classname="ies.puerto.PersonaTest" time="0"/>
  <testcase name="getTelefono" classname="ies.puerto.PersonaTest" time="0"/>
  <testcase name="getEmail" classname="ies.puerto.PersonaTest" time="0"/>
</testsuite>